<?xml version="1.0" encoding="UTF-8"?>
<!-- Generated by org.testng.reporters.JUnitReportReporter -->
<testsuite skipped="0" hostname="Manohar910Hp" name="com.ebanking.master.PomExe" tests="9" failures="0" timestamp="2021-04-02T16:25:01 IST" time="58.560" errors="0">
  <testcase name="Role" time="5.892" classname="com.ebanking.master.PomExe"/>
  <testcase name="Employee" time="7.087" classname="com.ebanking.master.PomExe"/>
  <testcase name="Branch" time="6.459" classname="com.ebanking.master.PomExe"/>
  <testcase name="Branch" time="6.847" classname="com.ebanking.master.PomExe"/>
  <testcase name="Branch" time="7.176" classname="com.ebanking.master.PomExe"/>
  <testcase name="Role" time="4.856" classname="com.ebanking.master.PomExe"/>
  <testcase name="Employee" time="8.037" classname="com.ebanking.master.PomExe"/>
  <testcase name="Employee" time="6.795" classname="com.ebanking.master.PomExe"/>
  <testcase name="Role" time="5.411" classname="com.ebanking.master.PomExe"/>
</testsuite> <!-- com.ebanking.master.PomExe -->
