<?xml version="1.0" encoding="UTF-8"?>
<!-- Generated by org.testng.reporters.JUnitReportReporter -->
<testsuite skipped="0" hostname="Manohar910Hp" name="com.ebanking.master.RoleNg" tests="3" failures="0" timestamp="2021-03-31T09:24:31 IST" time="22.868" errors="0">
  <testcase name="Role" time="9.111" classname="com.ebanking.master.RoleNg"/>
  <testcase name="Role" time="7.203" classname="com.ebanking.master.RoleNg"/>
  <testcase name="Role" time="6.554" classname="com.ebanking.master.RoleNg"/>
</testsuite> <!-- com.ebanking.master.RoleNg -->
