<?xml version="1.0" encoding="UTF-8"?>
<!-- Generated by org.testng.reporters.JUnitReportReporter -->
<testsuite skipped="0" hostname="Manohar910Hp" name="com.ebanking.master.PomExe" tests="7" failures="0" timestamp="2021-04-01T21:40:48 IST" time="71.654" errors="0">
  <testcase name="Employee" time="20.487" classname="com.ebanking.master.PomExe"/>
  <testcase name="Employee" time="10.354" classname="com.ebanking.master.PomExe"/>
  <testcase name="Role" time="6.135" classname="com.ebanking.master.PomExe"/>
  <testcase name="Branch" time="13.208" classname="com.ebanking.master.PomExe"/>
  <testcase name="Employee" time="9.309" classname="com.ebanking.master.PomExe"/>
  <testcase name="Role" time="5.338" classname="com.ebanking.master.PomExe"/>
  <testcase name="Role" time="6.823" classname="com.ebanking.master.PomExe"/>
</testsuite> <!-- com.ebanking.master.PomExe -->
