<?xml version="1.0" encoding="UTF-8"?>
<!-- Generated by org.testng.reporters.JUnitReportReporter -->
<testsuite skipped="0" hostname="Manohar910Hp" name="com.ebanking.master.EmployeeNg" tests="3" failures="0" timestamp="2021-03-31T09:24:31 IST" time="37.299" errors="0">
  <testcase name="Employee" time="13.820" classname="com.ebanking.master.EmployeeNg"/>
  <testcase name="Employee" time="11.132" classname="com.ebanking.master.EmployeeNg"/>
  <testcase name="Employee" time="12.347" classname="com.ebanking.master.EmployeeNg"/>
</testsuite> <!-- com.ebanking.master.EmployeeNg -->
