<?xml version="1.0" encoding="UTF-8"?>
<!-- Generated by org.testng.reporters.JUnitReportReporter -->
<testsuite skipped="0" hostname="Manohar910Hp" name="com.ebanking.master.BranchNg" tests="3" failures="0" timestamp="2021-03-31T09:24:31 IST" time="34.817" errors="0">
  <testcase name="branch" time="11.397" classname="com.ebanking.master.BranchNg"/>
  <testcase name="branch" time="12.452" classname="com.ebanking.master.BranchNg"/>
  <testcase name="branch" time="10.968" classname="com.ebanking.master.BranchNg"/>
</testsuite> <!-- com.ebanking.master.BranchNg -->
