<?xml version="1.0" encoding="UTF-8"?>
<!-- Generated by org.testng.reporters.JUnitReportReporter -->
<testsuite skipped="0" hostname="Manohar910Hp" name="com.ebanking.masters.RoleNgDataProvider" tests="3" failures="0" timestamp="2021-04-02T12:53:56 IST" time="22.938" errors="0">
  <testcase name="Role" time="7.220" classname="com.ebanking.masters.RoleNgDataProvider"/>
  <testcase name="Role" time="7.794" classname="com.ebanking.masters.RoleNgDataProvider"/>
  <testcase name="Role" time="7.924" classname="com.ebanking.masters.RoleNgDataProvider"/>
</testsuite> <!-- com.ebanking.masters.RoleNgDataProvider -->
