<?xml version="1.0" encoding="UTF-8"?>
<!-- Generated by org.testng.reporters.JUnitReportReporter -->
<testsuite skipped="0" hostname="Manohar910Hp" name="com.ebanking.masters.BranchNgDataProvider" tests="3" failures="0" timestamp="2021-04-02T12:53:56 IST" time="36.451" errors="0">
  <testcase name="branch" time="12.038" classname="com.ebanking.masters.BranchNgDataProvider"/>
  <testcase name="branch" time="12.587" classname="com.ebanking.masters.BranchNgDataProvider"/>
  <testcase name="branch" time="11.826" classname="com.ebanking.masters.BranchNgDataProvider"/>
</testsuite> <!-- com.ebanking.masters.BranchNgDataProvider -->
