<?xml version="1.0" encoding="UTF-8"?>
<!-- Generated by org.testng.reporters.JUnitReportReporter -->
<testsuite skipped="0" hostname="Manohar910Hp" name="com.ebanking.masters.EmpNgDataProvider" tests="3" failures="0" timestamp="2021-04-02T12:53:56 IST" time="36.833" errors="0">
  <testcase name="Employee" time="12.758" classname="com.ebanking.masters.EmpNgDataProvider"/>
  <testcase name="Employee" time="12.402" classname="com.ebanking.masters.EmpNgDataProvider"/>
  <testcase name="Employee" time="11.673" classname="com.ebanking.masters.EmpNgDataProvider"/>
</testsuite> <!-- com.ebanking.masters.EmpNgDataProvider -->
