<?xml version="1.0" encoding="UTF-8"?>
<!-- Generated by org.testng.reporters.JUnitReportReporter -->
<testsuite skipped="0" hostname="Manohar910Hp" name="com.ebanking.master.Grid1" tests="2" failures="0" timestamp="2021-04-07T10:53:43 IST" time="36.838" errors="0">
  <testcase name="GD" time="19.047" classname="com.ebanking.master.Grid1"/>
  <testcase name="GD" time="17.791" classname="com.ebanking.master.Grid1"/>
</testsuite> <!-- com.ebanking.master.Grid1 -->
